#
# A fatal error has been detected by the Java Runtime Environment:
#
#  EXCEPTION_ACCESS_VIOLATION (0xc0000005) at pc=0x00007ffd7b9df266, pid=16780, tid=9752
#
# JRE version: Java(TM) SE Runtime Environment (17.0.6+9) (build 17.0.6+9-LTS-190)
# Java VM: Java HotSpot(TM) 64-Bit Server VM (17.0.6+9-LTS-190, mixed mode, sharing, tiered, compressed oops, compressed class ptrs, g1 gc, windows-amd64)
# Problematic frame:
# V  [jvm.dll+0x57f266]
#
# No core dump will be written. Minidumps are not enabled by default on client versions of Windows
#
# If you would like to submit a bug report, please visit:
#   https://bugreport.java.com/bugreport/crash.jsp
#

---------------  S U M M A R Y ------------

Command Line: -Dclassworlds.conf=C:\Program Files\Java\apache-maven-3.8.8\bin\m2.conf -Dmaven.home=C:\Program Files\Java\apache-maven-3.8.8 -Dlibrary.jansi.path=C:\Program Files\Java\apache-maven-3.8.8\lib\jansi-native -Dmaven.multiModuleProjectDirectory=C:\Users\nadin\Desktop\Nueva carpeta\ProyectoFinalEgg--appChacraService org.codehaus.plexus.classworlds.launcher.Launcher -Dmaven.ext.class.path=C:\Program Files\NetBeans-15\netbeans\java\maven-nblib\netbeans-eventspy.jar -Dfile.encoding=UTF-8 --debug --errors --debug --errors clean install

Host: AMD FX(tm)-8350 Eight-Core Processor           , 8 cores, 15G,  Windows 10 , 64 bit Build 19041 (10.0.19041.2913)
Time: Sun Jul 23 20:37:52 2023 Hora estándar de Argentina elapsed time: 5.294774 seconds (0d 0h 0m 5s)

---------------  T H R E A D  ---------------

Current thread (0x000001603f38cc80):  JavaThread "C2 CompilerThread1" daemon [_thread_in_native, id=9752, stack(0x000000040c700000,0x000000040c800000)]


Current CompileTask:
C2:   5295 3605       4       org.apache.maven.model.inheritance.DefaultInheritanceAssembler$InheritanceModelMerger::mergePlugin (71 bytes)

Stack: [0x000000040c700000,0x000000040c800000],  sp=0x000000040c7fa440,  free space=1001k
Native frames: (J=compiled Java code, j=interpreted, Vv=VM code, C=native code)
V  [jvm.dll+0x57f266]
V  [jvm.dll+0x57e817]
V  [jvm.dll+0x57d35e]
V  [jvm.dll+0x57d134]
V  [jvm.dll+0x57c388]
V  [jvm.dll+0x21e142]
V  [jvm.dll+0x21e51f]
V  [jvm.dll+0x217c36]
V  [jvm.dll+0x215109]
V  [jvm.dll+0x1a1730]
V  [jvm.dll+0x224b6e]
V  [jvm.dll+0x222f15]
V  [jvm.dll+0x78753c]
V  [jvm.dll+0x781a7a]
V  [jvm.dll+0x672375]
C  [ucrtbase.dll+0x21bb2]
C  [KERNEL32.DLL+0x17614]
C  [ntdll.dll+0x526a1]


siginfo: EXCEPTION_ACCESS_VIOLATION (0xc0000005), reading address 0x0000000000000008


Register to memory mapping:

RIP=0x00007ffd7b9df266 jvm.dll
RAX=0x000001603f2bf840 points into unknown readable memory: 0x0000000000000000 | 00 00 00 00 00 00 00 00
RBX=0x000001603f01e248 points into unknown readable memory: 0x00007ffd7bd15100 | 00 51 d1 7b fd 7f 00 00
RCX=0x0 is NULL
RDX=0x0 is NULL
RSP=0x000000040c7fa440 is pointing into the stack for thread: 0x000001603f38cc80
RBP=0x000000040c7fa920 is pointing into the stack for thread: 0x000001603f38cc80
RSI=0x0 is NULL
RDI=0x0 is NULL
R8 =0x000001603f2bf840 points into unknown readable memory: 0x0000000000000000 | 00 00 00 00 00 00 00 00
R9 =0x000001603f6a8150 points into unknown readable memory: 0x00007ffd7bd0fb00 | 00 fb d0 7b fd 7f 00 00
R10=0x00007ffdf2e10000 VCRUNTIME140.dll
R11=0x00007ffdf2e11b5f VCRUNTIME140.dll
R12=0x0 is NULL
R13=0x0 is NULL
R14=0x000000040c7fb2f8 is pointing into the stack for thread: 0x000001603f38cc80
R15=0x0000000000000001 is an unknown value


Registers:
RAX=0x000001603f2bf840, RBX=0x000001603f01e248, RCX=0x0000000000000000, RDX=0x0000000000000000
RSP=0x000000040c7fa440, RBP=0x000000040c7fa920, RSI=0x0000000000000000, RDI=0x0000000000000000
R8 =0x000001603f2bf840, R9 =0x000001603f6a8150, R10=0x00007ffdf2e10000, R11=0x00007ffdf2e11b5f
R12=0x0000000000000000, R13=0x0000000000000000, R14=0x000000040c7fb2f8, R15=0x0000000000000001
RIP=0x00007ffd7b9df266, EFLAGS=0x0000000000010293

Top of Stack: (sp=0x000000040c7fa440)
0x000000040c7fa440:   000001603e6f2860 00007ffd00000002
0x000000040c7fa450:   0000000400000040 000001603e6f2890
0x000000040c7fa460:   000001603f6a8150 000000040c7fa920
0x000000040c7fa470:   0000000000000000 000001603e202318
0x000000040c7fa480:   000000040c7fa920 00007ffd7b9de817
0x000000040c7fa490:   0000000000000299 000001603dd32bc8
0x000000040c7fa4a0:   000001604088f1e8 0000000000000700
0x000000040c7fa4b0:   000000040c7fa920 000001603dcec910
0x000000040c7fa4c0:   000001603f6a8150 000000040c7fa5c0
0x000000040c7fa4d0:   000000040c7fa5e8 0000000000000791
0x000000040c7fa4e0:   0000000000000001 00007ffd7b9dd35e
0x000000040c7fa4f0:   0000000000000012 000001603e202368
0x000000040c7fa500:   000001603dcec910 000000040c7fa920
0x000000040c7fa510:   000000000000000c 000000040c7fa608
0x000000040c7fa520:   000001603f276840 00007ffd7b9dd134
0x000000040c7fa530:   0000000000000012 0000000000000791 

Instructions: (pc=0x00007ffd7b9df266)
0x00007ffd7b9df166:   8b 85 00 0a 00 00 44 8b 3c 88 48 85 db 75 24 4c
0x00007ffd7b9df176:   8d 0d 54 38 3b 00 ba 61 04 00 00 4c 8d 05 60 38
0x00007ffd7b9df186:   3b 00 48 8d 0d b1 d1 35 00 e8 1c 41 cc ff e8 c7
0x00007ffd7b9df196:   3e 0f 00 8b 85 f4 09 00 00 39 43 28 72 24 4c 8d
0x00007ffd7b9df1a6:   0d 34 2a 2b 00 ba 62 04 00 00 4c 8d 05 51 38 3b
0x00007ffd7b9df1b6:   00 48 8d 0d 82 d1 35 00 e8 ed 40 cc ff e8 98 3e
0x00007ffd7b9df1c6:   0f 00 48 8b 85 00 0a 00 00 4c 8d b5 d8 09 00 00
0x00007ffd7b9df1d6:   8b 4b 28 44 8b 85 f0 09 00 00 49 c1 e0 20 44 8b
0x00007ffd7b9df1e6:   24 88 8b 47 28 4c 0b c0 4c 89 44 24 50 33 f6 45
0x00007ffd7b9df1f6:   3b fc 0f 86 e1 00 00 00 49 63 7d 28 41 3b 3e 7c
0x00007ffd7b9df206:   41 41 3b 7e 04 7c 0f 8b d7 49 8b ce e8 d9 6e b3
0x00007ffd7b9df216:   ff 4c 8b 44 24 50 49 63 0e 48 8b d7 48 3b cf 7d
0x00007ffd7b9df226:   19 66 0f 1f 84 00 00 00 00 00 49 8b 46 08 48 89
0x00007ffd7b9df236:   34 c8 48 ff c1 48 3b ca 7c f0 8d 47 01 41 89 06
0x00007ffd7b9df246:   eb 03 48 8b d7 49 8b 46 08 4c 89 04 d0 41 8b 4d
0x00007ffd7b9df256:   28 48 8b 85 f8 09 00 00 4c 8b 2c c8 4c 8d 04 c8
0x00007ffd7b9df266:   49 8b 45 08 48 83 38 00 75 28 8b 55 28 41 8b 45
0x00007ffd7b9df276:   28 3b c2 73 0c 8b c8 48 8b 45 30 4c 8b 2c c8 eb
0x00007ffd7b9df286:   03 4c 8b ee 49 83 e5 fe 49 8b 45 08 48 83 38 00
0x00007ffd7b9df296:   74 db 4d 89 28 8b 85 f4 09 00 00 41 39 45 28 72
0x00007ffd7b9df2a6:   24 4c 8d 0d 31 29 2b 00 ba 62 04 00 00 4c 8d 05
0x00007ffd7b9df2b6:   4e 37 3b 00 48 8d 0d 7f d0 35 00 e8 ea 3f cc ff
0x00007ffd7b9df2c6:   e8 95 3d 0f 00 41 8b 4d 28 48 8b 85 00 0a 00 00
0x00007ffd7b9df2d6:   44 8b 3c 88 e9 0c 05 00 00 0f 83 30 01 00 00 48
0x00007ffd7b9df2e6:   63 7b 28 41 8b 0e 3b f9 7c 38 41 3b 7e 04 7c 0f
0x00007ffd7b9df2f6:   8b d7 49 8b ce e8 f0 6d b3 ff 4c 8b 44 24 50 49
0x00007ffd7b9df306:   63 0e 48 8b d7 48 3b cf 7f 10 49 8b 46 08 48 89
0x00007ffd7b9df316:   34 c8 48 ff c1 48 3b ca 7e f0 8d 4f 01 41 89 0e
0x00007ffd7b9df326:   eb 03 48 8b d7 49 8b 46 08 4c 39 04 d0 0f 84 c6
0x00007ffd7b9df336:   04 00 00 48 63 7b 28 3b f9 7c 4a 3b bd dc 09 00
0x00007ffd7b9df346:   00 7c 0f 8b d7 49 8b ce e8 9d 6d b3 ff 4c 8b 44
0x00007ffd7b9df356:   24 50 49 63 0e 48 8b d7 48 3b cf 7d 20 0f 1f 40 


Stack slot to memory mapping:
stack at sp + 0 slots: 0x000001603e6f2860 points into unknown readable memory: 0x000001603f3fc548 | 48 c5 3f 3f 60 01 00 00
stack at sp + 1 slots: 0x00007ffd00000002 is an unknown value
stack at sp + 2 slots: 0x0000000400000040 is an unknown value
stack at sp + 3 slots: 0x000001603e6f2890 points into unknown readable memory: 0x0000000000000000 | 00 00 00 00 00 00 00 00
stack at sp + 4 slots: 0x000001603f6a8150 points into unknown readable memory: 0x00007ffd7bd0fb00 | 00 fb d0 7b fd 7f 00 00
stack at sp + 5 slots: 0x000000040c7fa920 is pointing into the stack for thread: 0x000001603f38cc80
stack at sp + 6 slots: 0x0 is NULL
stack at sp + 7 slots: 0x000001603e202318 points into unknown readable memory: 0x000001604088f1e8 | e8 f1 88 40 60 01 00 00


---------------  P R O C E S S  ---------------

Threads class SMR info:
_java_thread_list=0x000001603f01d330, length=14, elements={
0x000001601a334140, 0x000001603cea6650, 0x000001603dc04570, 0x000001603dc12730,
0x000001603dc16110, 0x000001603dc169d0, 0x000001603dc17290, 0x000001603dc17e80,
0x000001603dc1a840, 0x000001603dc2a6a0, 0x000001603dd751b0, 0x000001603dd7b6a0,
0x000001603f38cc80, 0x000001603f3160c0
}

Java Threads: ( => current thread )
  0x000001601a334140 JavaThread "main" [_thread_in_native, id=7684, stack(0x000000040b400000,0x000000040b500000)]
  0x000001603cea6650 JavaThread "Reference Handler" daemon [_thread_blocked, id=3272, stack(0x000000040bb00000,0x000000040bc00000)]
  0x000001603dc04570 JavaThread "Finalizer" daemon [_thread_blocked, id=13356, stack(0x000000040bc00000,0x000000040bd00000)]
  0x000001603dc12730 JavaThread "Signal Dispatcher" daemon [_thread_blocked, id=18360, stack(0x000000040bd00000,0x000000040be00000)]
  0x000001603dc16110 JavaThread "Attach Listener" daemon [_thread_blocked, id=19424, stack(0x000000040be00000,0x000000040bf00000)]
  0x000001603dc169d0 JavaThread "Service Thread" daemon [_thread_blocked, id=9572, stack(0x000000040bf00000,0x000000040c000000)]
  0x000001603dc17290 JavaThread "Monitor Deflation Thread" daemon [_thread_blocked, id=2372, stack(0x000000040c000000,0x000000040c100000)]
  0x000001603dc17e80 JavaThread "C2 CompilerThread0" daemon [_thread_in_native, id=6476, stack(0x000000040c100000,0x000000040c200000)]
  0x000001603dc1a840 JavaThread "C1 CompilerThread0" daemon [_thread_blocked, id=15644, stack(0x000000040c200000,0x000000040c300000)]
  0x000001603dc2a6a0 JavaThread "Sweeper thread" daemon [_thread_blocked, id=16192, stack(0x000000040c300000,0x000000040c400000)]
  0x000001603dd751b0 JavaThread "Notification Thread" daemon [_thread_blocked, id=11220, stack(0x000000040c400000,0x000000040c500000)]
  0x000001603dd7b6a0 JavaThread "Common-Cleaner" daemon [_thread_blocked, id=9340, stack(0x000000040c600000,0x000000040c700000)]
=>0x000001603f38cc80 JavaThread "C2 CompilerThread1" daemon [_thread_in_native, id=9752, stack(0x000000040c700000,0x000000040c800000)]
  0x000001603f3160c0 JavaThread "C2 CompilerThread2" daemon [_thread_in_native, id=11948, stack(0x000000040c800000,0x000000040c900000)]

Other Threads:
  0x000001603cea5d90 VMThread "VM Thread" [stack: 0x000000040ba00000,0x000000040bb00000] [id=16612]
  0x000001601a3b5cf0 WatcherThread [stack: 0x000000040c500000,0x000000040c600000] [id=1576]
  0x000001601a39d140 GCTaskThread "GC Thread#0" [stack: 0x000000040b500000,0x000000040b600000] [id=10316]
  0x000001603e51e3f0 GCTaskThread "GC Thread#1" [stack: 0x000000040c900000,0x000000040ca00000] [id=2620]
  0x000001603e9ae0e0 GCTaskThread "GC Thread#2" [stack: 0x000000040ca00000,0x000000040cb00000] [id=16008]
  0x000001603ddd8d60 GCTaskThread "GC Thread#3" [stack: 0x000000040cb00000,0x000000040cc00000] [id=11244]
  0x000001603e24d750 GCTaskThread "GC Thread#4" [stack: 0x000000040cc00000,0x000000040cd00000] [id=10032]
  0x000001603ecca6f0 GCTaskThread "GC Thread#5" [stack: 0x000000040cd00000,0x000000040ce00000] [id=18240]
  0x000001603ec5d950 GCTaskThread "GC Thread#6" [stack: 0x000000040ce00000,0x000000040cf00000] [id=9252]
  0x000001603edc3780 GCTaskThread "GC Thread#7" [stack: 0x000000040cf00000,0x000000040d000000] [id=12016]
  0x000001601a3aee20 ConcurrentGCThread "G1 Main Marker" [stack: 0x000000040b600000,0x000000040b700000] [id=18404]
  0x000001601a3afee0 ConcurrentGCThread "G1 Conc#0" [stack: 0x000000040b700000,0x000000040b800000] [id=7864]
  0x000001601a40ea00 ConcurrentGCThread "G1 Refine#0" [stack: 0x000000040b800000,0x000000040b900000] [id=16488]
  0x000001603cd617d0 ConcurrentGCThread "G1 Service" [stack: 0x000000040b900000,0x000000040ba00000] [id=14716]

Threads with active compile tasks:
C2 CompilerThread0     5351 3699       4       org.eclipse.aether.util.graph.transformer.ConflictResolver$State::push (447 bytes)
C2 CompilerThread1     5351 3605       4       org.apache.maven.model.inheritance.DefaultInheritanceAssembler$InheritanceModelMerger::mergePlugin (71 bytes)
C2 CompilerThread2     5351 3696       4       org.eclipse.aether.util.graph.transformer.ConflictResolver::gatherConflictItems (111 bytes)

VM state: not at safepoint (normal execution)

VM Mutex/Monitor currently owned by a thread: None

Heap address: 0x0000000701800000, size: 4072 MB, Compressed Oops mode: Zero based, Oop shift amount: 3

CDS archive(s) mapped at: [0x0000000800000000-0x0000000800bd0000-0x0000000800bd0000), size 12386304, SharedBaseAddress: 0x0000000800000000, ArchiveRelocationMode: 0.
Compressed class space mapped at: 0x0000000800c00000-0x0000000840c00000, reserved size: 1073741824
Narrow klass base: 0x0000000800000000, Narrow klass shift: 0, Narrow klass range: 0x100000000

GC Precious Log:
 CPUs: 8 total, 8 available
 Memory: 16284M
 Large Page Support: Disabled
 NUMA Support: Disabled
 Compressed Oops: Enabled (Zero based)
 Heap Region Size: 2M
 Heap Min Capacity: 8M
 Heap Initial Capacity: 256M
 Heap Max Capacity: 4072M
 Pre-touch: Disabled
 Parallel Workers: 8
 Concurrent Workers: 2
 Concurrent Refinement Workers: 8
 Periodic GC: Disabled

Heap:
 garbage-first heap   total 262144K, used 105989K [0x0000000701800000, 0x0000000800000000)
  region size 2048K, 52 young (106496K), 2 survivors (4096K)
 Metaspace       used 13986K, committed 14144K, reserved 1064960K
  class space    used 1563K, committed 1664K, reserved 1048576K

Heap Regions: E=young(eden), S=young(survivor), O=old, HS=humongous(starts), HC=humongous(continues), CS=collection set, F=free, OA=open archive, CA=closed archive, TAMS=top-at-mark-start (previous, next)
|   0|0x0000000701800000, 0x0000000701a00000, 0x0000000701a00000|100%| O|  |TAMS 0x0000000701800000, 0x0000000701800000| Untracked 
|   1|0x0000000701a00000, 0x0000000701b3cc00, 0x0000000701c00000| 61%| O|  |TAMS 0x0000000701a00000, 0x0000000701a00000| Untracked 
|   2|0x0000000701c00000, 0x0000000701c00000, 0x0000000701e00000|  0%| F|  |TAMS 0x0000000701c00000, 0x0000000701c00000| Untracked 
|   3|0x0000000701e00000, 0x0000000701e00000, 0x0000000702000000|  0%| F|  |TAMS 0x0000000701e00000, 0x0000000701e00000| Untracked 
|   4|0x0000000702000000, 0x0000000702000000, 0x0000000702200000|  0%| F|  |TAMS 0x0000000702000000, 0x0000000702000000| Untracked 
|   5|0x0000000702200000, 0x0000000702200000, 0x0000000702400000|  0%| F|  |TAMS 0x0000000702200000, 0x0000000702200000| Untracked 
|   6|0x0000000702400000, 0x0000000702400000, 0x0000000702600000|  0%| F|  |TAMS 0x0000000702400000, 0x0000000702400000| Untracked 
|   7|0x0000000702600000, 0x0000000702600000, 0x0000000702800000|  0%| F|  |TAMS 0x0000000702600000, 0x0000000702600000| Untracked 
|   8|0x0000000702800000, 0x0000000702800000, 0x0000000702a00000|  0%| F|  |TAMS 0x0000000702800000, 0x0000000702800000| Untracked 
|   9|0x0000000702a00000, 0x0000000702a00000, 0x0000000702c00000|  0%| F|  |TAMS 0x0000000702a00000, 0x0000000702a00000| Untracked 
|  10|0x0000000702c00000, 0x0000000702c00000, 0x0000000702e00000|  0%| F|  |TAMS 0x0000000702c00000, 0x0000000702c00000| Untracked 
|  11|0x0000000702e00000, 0x0000000702e00000, 0x0000000703000000|  0%| F|  |TAMS 0x0000000702e00000, 0x0000000702e00000| Untracked 
|  12|0x0000000703000000, 0x0000000703000000, 0x0000000703200000|  0%| F|  |TAMS 0x0000000703000000, 0x0000000703000000| Untracked 
|  13|0x0000000703200000, 0x0000000703200000, 0x0000000703400000|  0%| F|  |TAMS 0x0000000703200000, 0x0000000703200000| Untracked 
|  14|0x0000000703400000, 0x0000000703400000, 0x0000000703600000|  0%| F|  |TAMS 0x0000000703400000, 0x0000000703400000| Untracked 
|  15|0x0000000703600000, 0x0000000703600000, 0x0000000703800000|  0%| F|  |TAMS 0x0000000703600000, 0x0000000703600000| Untracked 
|  16|0x0000000703800000, 0x0000000703800000, 0x0000000703a00000|  0%| F|  |TAMS 0x0000000703800000, 0x0000000703800000| Untracked 
|  17|0x0000000703a00000, 0x0000000703a00000, 0x0000000703c00000|  0%| F|  |TAMS 0x0000000703a00000, 0x0000000703a00000| Untracked 
|  18|0x0000000703c00000, 0x0000000703c00000, 0x0000000703e00000|  0%| F|  |TAMS 0x0000000703c00000, 0x0000000703c00000| Untracked 
|  19|0x0000000703e00000, 0x0000000703e00000, 0x0000000704000000|  0%| F|  |TAMS 0x0000000703e00000, 0x0000000703e00000| Untracked 
|  20|0x0000000704000000, 0x0000000704000000, 0x0000000704200000|  0%| F|  |TAMS 0x0000000704000000, 0x0000000704000000| Untracked 
|  21|0x0000000704200000, 0x0000000704200000, 0x0000000704400000|  0%| F|  |TAMS 0x0000000704200000, 0x0000000704200000| Untracked 
|  22|0x0000000704400000, 0x0000000704400000, 0x0000000704600000|  0%| F|  |TAMS 0x0000000704400000, 0x0000000704400000| Untracked 
|  23|0x0000000704600000, 0x0000000704600000, 0x0000000704800000|  0%| F|  |TAMS 0x0000000704600000, 0x0000000704600000| Untracked 
|  24|0x0000000704800000, 0x0000000704800000, 0x0000000704a00000|  0%| F|  |TAMS 0x0000000704800000, 0x0000000704800000| Untracked 
|  25|0x0000000704a00000, 0x0000000704a00000, 0x0000000704c00000|  0%| F|  |TAMS 0x0000000704a00000, 0x0000000704a00000| Untracked 
|  26|0x0000000704c00000, 0x0000000704c00000, 0x0000000704e00000|  0%| F|  |TAMS 0x0000000704c00000, 0x0000000704c00000| Untracked 
|  27|0x0000000704e00000, 0x0000000704e00000, 0x0000000705000000|  0%| F|  |TAMS 0x0000000704e00000, 0x0000000704e00000| Untracked 
|  28|0x0000000705000000, 0x0000000705000000, 0x0000000705200000|  0%| F|  |TAMS 0x0000000705000000, 0x0000000705000000| Untracked 
|  29|0x0000000705200000, 0x0000000705200000, 0x0000000705400000|  0%| F|  |TAMS 0x0000000705200000, 0x0000000705200000| Untracked 
|  30|0x0000000705400000, 0x0000000705400000, 0x0000000705600000|  0%| F|  |TAMS 0x0000000705400000, 0x0000000705400000| Untracked 
|  31|0x0000000705600000, 0x0000000705600000, 0x0000000705800000|  0%| F|  |TAMS 0x0000000705600000, 0x0000000705600000| Untracked 
|  32|0x0000000705800000, 0x0000000705800000, 0x0000000705a00000|  0%| F|  |TAMS 0x0000000705800000, 0x0000000705800000| Untracked 
|  33|0x0000000705a00000, 0x0000000705a00000, 0x0000000705c00000|  0%| F|  |TAMS 0x0000000705a00000, 0x0000000705a00000| Untracked 
|  34|0x0000000705c00000, 0x0000000705c00000, 0x0000000705e00000|  0%| F|  |TAMS 0x0000000705c00000, 0x0000000705c00000| Untracked 
|  35|0x0000000705e00000, 0x0000000705e00000, 0x0000000706000000|  0%| F|  |TAMS 0x0000000705e00000, 0x0000000705e00000| Untracked 
|  36|0x0000000706000000, 0x0000000706000000, 0x0000000706200000|  0%| F|  |TAMS 0x0000000706000000, 0x0000000706000000| Untracked 
|  37|0x0000000706200000, 0x0000000706200000, 0x0000000706400000|  0%| F|  |TAMS 0x0000000706200000, 0x0000000706200000| Untracked 
|  38|0x0000000706400000, 0x0000000706400000, 0x0000000706600000|  0%| F|  |TAMS 0x0000000706400000, 0x0000000706400000| Untracked 
|  39|0x0000000706600000, 0x0000000706600000, 0x0000000706800000|  0%| F|  |TAMS 0x0000000706600000, 0x0000000706600000| Untracked 
|  40|0x0000000706800000, 0x0000000706800000, 0x0000000706a00000|  0%| F|  |TAMS 0x0000000706800000, 0x0000000706800000| Untracked 
|  41|0x0000000706a00000, 0x0000000706a00000, 0x0000000706c00000|  0%| F|  |TAMS 0x0000000706a00000, 0x0000000706a00000| Untracked 
|  42|0x0000000706c00000, 0x0000000706c00000, 0x0000000706e00000|  0%| F|  |TAMS 0x0000000706c00000, 0x0000000706c00000| Untracked 
|  43|0x0000000706e00000, 0x0000000706e00000, 0x0000000707000000|  0%| F|  |TAMS 0x0000000706e00000, 0x0000000706e00000| Untracked 
|  44|0x0000000707000000, 0x0000000707000000, 0x0000000707200000|  0%| F|  |TAMS 0x0000000707000000, 0x0000000707000000| Untracked 
|  45|0x0000000707200000, 0x0000000707200000, 0x0000000707400000|  0%| F|  |TAMS 0x0000000707200000, 0x0000000707200000| Untracked 
|  46|0x0000000707400000, 0x0000000707400000, 0x0000000707600000|  0%| F|  |TAMS 0x0000000707400000, 0x0000000707400000| Untracked 
|  47|0x0000000707600000, 0x0000000707600000, 0x0000000707800000|  0%| F|  |TAMS 0x0000000707600000, 0x0000000707600000| Untracked 
|  48|0x0000000707800000, 0x0000000707800000, 0x0000000707a00000|  0%| F|  |TAMS 0x0000000707800000, 0x0000000707800000| Untracked 
|  49|0x0000000707a00000, 0x0000000707a00000, 0x0000000707c00000|  0%| F|  |TAMS 0x0000000707a00000, 0x0000000707a00000| Untracked 
|  50|0x0000000707c00000, 0x0000000707c00000, 0x0000000707e00000|  0%| F|  |TAMS 0x0000000707c00000, 0x0000000707c00000| Untracked 
|  51|0x0000000707e00000, 0x0000000707e00000, 0x0000000708000000|  0%| F|  |TAMS 0x0000000707e00000, 0x0000000707e00000| Untracked 
|  52|0x0000000708000000, 0x0000000708000000, 0x0000000708200000|  0%| F|  |TAMS 0x0000000708000000, 0x0000000708000000| Untracked 
|  53|0x0000000708200000, 0x0000000708200000, 0x0000000708400000|  0%| F|  |TAMS 0x0000000708200000, 0x0000000708200000| Untracked 
|  54|0x0000000708400000, 0x0000000708400000, 0x0000000708600000|  0%| F|  |TAMS 0x0000000708400000, 0x0000000708400000| Untracked 
|  55|0x0000000708600000, 0x0000000708600000, 0x0000000708800000|  0%| F|  |TAMS 0x0000000708600000, 0x0000000708600000| Untracked 
|  56|0x0000000708800000, 0x0000000708800000, 0x0000000708a00000|  0%| F|  |TAMS 0x0000000708800000, 0x0000000708800000| Untracked 
|  57|0x0000000708a00000, 0x0000000708a00000, 0x0000000708c00000|  0%| F|  |TAMS 0x0000000708a00000, 0x0000000708a00000| Untracked 
|  58|0x0000000708c00000, 0x0000000708c00000, 0x0000000708e00000|  0%| F|  |TAMS 0x0000000708c00000, 0x0000000708c00000| Untracked 
|  59|0x0000000708e00000, 0x0000000708e00000, 0x0000000709000000|  0%| F|  |TAMS 0x0000000708e00000, 0x0000000708e00000| Untracked 
|  60|0x0000000709000000, 0x0000000709000000, 0x0000000709200000|  0%| F|  |TAMS 0x0000000709000000, 0x0000000709000000| Untracked 
|  61|0x0000000709200000, 0x0000000709200000, 0x0000000709400000|  0%| F|  |TAMS 0x0000000709200000, 0x0000000709200000| Untracked 
|  62|0x0000000709400000, 0x0000000709400000, 0x0000000709600000|  0%| F|  |TAMS 0x0000000709400000, 0x0000000709400000| Untracked 
|  63|0x0000000709600000, 0x0000000709600000, 0x0000000709800000|  0%| F|  |TAMS 0x0000000709600000, 0x0000000709600000| Untracked 
|  64|0x0000000709800000, 0x0000000709800000, 0x0000000709a00000|  0%| F|  |TAMS 0x0000000709800000, 0x0000000709800000| Untracked 
|  65|0x0000000709a00000, 0x0000000709a00000, 0x0000000709c00000|  0%| F|  |TAMS 0x0000000709a00000, 0x0000000709a00000| Untracked 
|  66|0x0000000709c00000, 0x0000000709c00000, 0x0000000709e00000|  0%| F|  |TAMS 0x0000000709c00000, 0x0000000709c00000| Untracked 
|  67|0x0000000709e00000, 0x0000000709e00000, 0x000000070a000000|  0%| F|  |TAMS 0x0000000709e00000, 0x0000000709e00000| Untracked 
|  68|0x000000070a000000, 0x000000070a000000, 0x000000070a200000|  0%| F|  |TAMS 0x000000070a000000, 0x000000070a000000| Untracked 
|  69|0x000000070a200000, 0x000000070a200000, 0x000000070a400000|  0%| F|  |TAMS 0x000000070a200000, 0x000000070a200000| Untracked 
|  70|0x000000070a400000, 0x000000070a400000, 0x000000070a600000|  0%| F|  |TAMS 0x000000070a400000, 0x000000070a400000| Untracked 
|  71|0x000000070a600000, 0x000000070a600000, 0x000000070a800000|  0%| F|  |TAMS 0x000000070a600000, 0x000000070a600000| Untracked 
|  72|0x000000070a800000, 0x000000070a800000, 0x000000070aa00000|  0%| F|  |TAMS 0x000000070a800000, 0x000000070a800000| Untracked 
|  73|0x000000070aa00000, 0x000000070aa00000, 0x000000070ac00000|  0%| F|  |TAMS 0x000000070aa00000, 0x000000070aa00000| Untracked 
|  74|0x000000070ac00000, 0x000000070ac00000, 0x000000070ae00000|  0%| F|  |TAMS 0x000000070ac00000, 0x000000070ac00000| Untracked 
|  75|0x000000070ae00000, 0x000000070ae00000, 0x000000070b000000|  0%| F|  |TAMS 0x000000070ae00000, 0x000000070ae00000| Untracked 
|  76|0x000000070b000000, 0x000000070b200000, 0x000000070b200000|100%| E|  |TAMS 0x000000070b000000, 0x000000070b000000| Complete 
|  77|0x000000070b200000, 0x000000070b400000, 0x000000070b400000|100%| E|CS|TAMS 0x000000070b200000, 0x000000070b200000| Complete 
|  78|0x000000070b400000, 0x000000070b600000, 0x000000070b600000|100%| E|CS|TAMS 0x000000070b400000, 0x000000070b400000| Complete 
|  79|0x000000070b600000, 0x000000070b800000, 0x000000070b800000|100%| E|CS|TAMS 0x000000070b600000, 0x000000070b600000| Complete 
|  80|0x000000070b800000, 0x000000070ba00000, 0x000000070ba00000|100%| E|CS|TAMS 0x000000070b800000, 0x000000070b800000| Complete 
|  81|0x000000070ba00000, 0x000000070bc00000, 0x000000070bc00000|100%| E|CS|TAMS 0x000000070ba00000, 0x000000070ba00000| Complete 
|  82|0x000000070bc00000, 0x000000070be00000, 0x000000070be00000|100%| E|CS|TAMS 0x000000070bc00000, 0x000000070bc00000| Complete 
|  83|0x000000070be00000, 0x000000070c000000, 0x000000070c000000|100%| E|CS|TAMS 0x000000070be00000, 0x000000070be00000| Complete 
|  84|0x000000070c000000, 0x000000070c200000, 0x000000070c200000|100%| E|CS|TAMS 0x000000070c000000, 0x000000070c000000| Complete 
|  85|0x000000070c200000, 0x000000070c400000, 0x000000070c400000|100%| E|CS|TAMS 0x000000070c200000, 0x000000070c200000| Complete 
|  86|0x000000070c400000, 0x000000070c600000, 0x000000070c600000|100%| E|CS|TAMS 0x000000070c400000, 0x000000070c400000| Complete 
|  87|0x000000070c600000, 0x000000070c800000, 0x000000070c800000|100%| E|CS|TAMS 0x000000070c600000, 0x000000070c600000| Complete 
|  88|0x000000070c800000, 0x000000070ca00000, 0x000000070ca00000|100%| E|CS|TAMS 0x000000070c800000, 0x000000070c800000| Complete 
|  89|0x000000070ca00000, 0x000000070cc00000, 0x000000070cc00000|100%| E|CS|TAMS 0x000000070ca00000, 0x000000070ca00000| Complete 
|  90|0x000000070cc00000, 0x000000070ce00000, 0x000000070ce00000|100%| E|CS|TAMS 0x000000070cc00000, 0x000000070cc00000| Complete 
|  91|0x000000070ce00000, 0x000000070d000000, 0x000000070d000000|100%| E|CS|TAMS 0x000000070ce00000, 0x000000070ce00000| Complete 
|  92|0x000000070d000000, 0x000000070d200000, 0x000000070d200000|100%| E|CS|TAMS 0x000000070d000000, 0x000000070d000000| Complete 
|  93|0x000000070d200000, 0x000000070d400000, 0x000000070d400000|100%| E|CS|TAMS 0x000000070d200000, 0x000000070d200000| Complete 
|  94|0x000000070d400000, 0x000000070d600000, 0x000000070d600000|100%| E|CS|TAMS 0x000000070d400000, 0x000000070d400000| Complete 
|  95|0x000000070d600000, 0x000000070d800000, 0x000000070d800000|100%| E|CS|TAMS 0x000000070d600000, 0x000000070d600000| Complete 
|  96|0x000000070d800000, 0x000000070da00000, 0x000000070da00000|100%| E|CS|TAMS 0x000000070d800000, 0x000000070d800000| Complete 
|  97|0x000000070da00000, 0x000000070dc00000, 0x000000070dc00000|100%| E|CS|TAMS 0x000000070da00000, 0x000000070da00000| Complete 
|  98|0x000000070dc00000, 0x000000070de00000, 0x000000070de00000|100%| E|CS|TAMS 0x000000070dc00000, 0x000000070dc00000| Complete 
|  99|0x000000070de00000, 0x000000070e000000, 0x000000070e000000|100%| E|CS|TAMS 0x000000070de00000, 0x000000070de00000| Complete 
| 100|0x000000070e000000, 0x000000070e200000, 0x000000070e200000|100%| E|CS|TAMS 0x000000070e000000, 0x000000070e000000| Complete 
| 101|0x000000070e200000, 0x000000070e400000, 0x000000070e400000|100%| E|CS|TAMS 0x000000070e200000, 0x000000070e200000| Complete 
| 102|0x000000070e400000, 0x000000070e600000, 0x000000070e600000|100%| E|CS|TAMS 0x000000070e400000, 0x000000070e400000| Complete 
| 103|0x000000070e600000, 0x000000070e800000, 0x000000070e800000|100%| E|CS|TAMS 0x000000070e600000, 0x000000070e600000| Complete 
| 104|0x000000070e800000, 0x000000070ea00000, 0x000000070ea00000|100%| E|CS|TAMS 0x000000070e800000, 0x000000070e800000| Complete 
| 105|0x000000070ea00000, 0x000000070ec00000, 0x000000070ec00000|100%| E|CS|TAMS 0x000000070ea00000, 0x000000070ea00000| Complete 
| 106|0x000000070ec00000, 0x000000070ee00000, 0x000000070ee00000|100%| E|CS|TAMS 0x000000070ec00000, 0x000000070ec00000| Complete 
| 107|0x000000070ee00000, 0x000000070f000000, 0x000000070f000000|100%| E|CS|TAMS 0x000000070ee00000, 0x000000070ee00000| Complete 
| 108|0x000000070f000000, 0x000000070f200000, 0x000000070f200000|100%| E|CS|TAMS 0x000000070f000000, 0x000000070f000000| Complete 
| 109|0x000000070f200000, 0x000000070f244a00, 0x000000070f400000| 13%| S|CS|TAMS 0x000000070f200000, 0x000000070f200000| Complete 
| 110|0x000000070f400000, 0x000000070f600000, 0x000000070f600000|100%| S|CS|TAMS 0x000000070f400000, 0x000000070f400000| Complete 
| 111|0x000000070f600000, 0x000000070f800000, 0x000000070f800000|100%| E|CS|TAMS 0x000000070f600000, 0x000000070f600000| Complete 
| 112|0x000000070f800000, 0x000000070fa00000, 0x000000070fa00000|100%| E|CS|TAMS 0x000000070f800000, 0x000000070f800000| Complete 
| 113|0x000000070fa00000, 0x000000070fc00000, 0x000000070fc00000|100%| E|CS|TAMS 0x000000070fa00000, 0x000000070fa00000| Complete 
| 114|0x000000070fc00000, 0x000000070fe00000, 0x000000070fe00000|100%| E|CS|TAMS 0x000000070fc00000, 0x000000070fc00000| Complete 
| 115|0x000000070fe00000, 0x0000000710000000, 0x0000000710000000|100%| E|CS|TAMS 0x000000070fe00000, 0x000000070fe00000| Complete 
| 116|0x0000000710000000, 0x0000000710200000, 0x0000000710200000|100%| E|CS|TAMS 0x0000000710000000, 0x0000000710000000| Complete 
| 117|0x0000000710200000, 0x0000000710400000, 0x0000000710400000|100%| E|CS|TAMS 0x0000000710200000, 0x0000000710200000| Complete 
| 118|0x0000000710400000, 0x0000000710600000, 0x0000000710600000|100%| E|CS|TAMS 0x0000000710400000, 0x0000000710400000| Complete 
| 119|0x0000000710600000, 0x0000000710800000, 0x0000000710800000|100%| E|CS|TAMS 0x0000000710600000, 0x0000000710600000| Complete 
| 120|0x0000000710800000, 0x0000000710a00000, 0x0000000710a00000|100%| E|CS|TAMS 0x0000000710800000, 0x0000000710800000| Complete 
| 121|0x0000000710a00000, 0x0000000710c00000, 0x0000000710c00000|100%| E|CS|TAMS 0x0000000710a00000, 0x0000000710a00000| Complete 
| 122|0x0000000710c00000, 0x0000000710e00000, 0x0000000710e00000|100%| E|CS|TAMS 0x0000000710c00000, 0x0000000710c00000| Complete 
| 123|0x0000000710e00000, 0x0000000711000000, 0x0000000711000000|100%| E|CS|TAMS 0x0000000710e00000, 0x0000000710e00000| Complete 
| 124|0x0000000711000000, 0x0000000711200000, 0x0000000711200000|100%| E|CS|TAMS 0x0000000711000000, 0x0000000711000000| Complete 
| 125|0x0000000711200000, 0x0000000711400000, 0x0000000711400000|100%| E|CS|TAMS 0x0000000711200000, 0x0000000711200000| Complete 
| 126|0x0000000711400000, 0x0000000711600000, 0x0000000711600000|100%| E|CS|TAMS 0x0000000711400000, 0x0000000711400000| Complete 
| 127|0x0000000711600000, 0x0000000711800000, 0x0000000711800000|100%| E|CS|TAMS 0x0000000711600000, 0x0000000711600000| Complete 

Card table byte_map: [0x00000160316f0000,0x0000016031ef0000] _byte_map_base: 0x000001602dee4000

Marking Bits (Prev, Next): (CMBitMap*) 0x000001601a39d660, (CMBitMap*) 0x000001601a39d6a0
 Prev Bits: [0x00000160326f0000, 0x0000016036690000)
 Next Bits: [0x0000016036690000, 0x000001603a630000)

Polling page: 0x0000016019b10000

Metaspace:

Usage:
  Non-class:     12.13 MB used.
      Class:      1.53 MB used.
       Both:     13.66 MB used.

Virtual space:
  Non-class space:       16.00 MB reserved,      12.19 MB ( 76%) committed,  2 nodes.
      Class space:        1.00 GB reserved,       1.62 MB ( <1%) committed,  1 nodes.
             Both:        1.02 GB reserved,      13.81 MB (  1%) committed. 

Chunk freelists:
   Non-Class:  2.62 MB
       Class:  2.42 MB
        Both:  5.05 MB

MaxMetaspaceSize: unlimited
CompressedClassSpaceSize: 1.00 GB
Initial GC threshold: 21.00 MB
Current GC threshold: 21.00 MB
CDS: on
MetaspaceReclaimPolicy: balanced
 - commit_granule_bytes: 65536.
 - commit_granule_words: 8192.
 - virtual_space_node_default_size: 1048576.
 - enlarge_chunks_in_place: 1.
 - new_chunks_are_fully_committed: 0.
 - uncommit_free_chunks: 1.
 - use_allocation_guard: 0.
 - handle_deallocations: 1.


Internal statistics:

num_allocs_failed_limit: 0.
num_arena_births: 86.
num_arena_deaths: 0.
num_vsnodes_births: 3.
num_vsnodes_deaths: 0.
num_space_committed: 221.
num_space_uncommitted: 0.
num_chunks_returned_to_freelist: 0.
num_chunks_taken_from_freelist: 576.
num_chunk_merges: 0.
num_chunk_splits: 407.
num_chunks_enlarged: 317.
num_purges: 0.
num_inconsistent_stats: 0.

CodeHeap 'non-profiled nmethods': size=120000Kb used=1899Kb max_used=1899Kb free=118100Kb
 bounds [0x0000016029690000, 0x0000016029900000, 0x0000016030bc0000]
CodeHeap 'profiled nmethods': size=120000Kb used=7986Kb max_used=7986Kb free=112013Kb
 bounds [0x0000016021bc0000, 0x0000016022390000, 0x00000160290f0000]
CodeHeap 'non-nmethods': size=5760Kb used=1170Kb max_used=1213Kb free=4590Kb
 bounds [0x00000160290f0000, 0x0000016029360000, 0x0000016029690000]
 total_blobs=4237 nmethods=3774 adapters=375
 compilation: enabled
              stopped_count=0, restarted_count=0
 full_count=0

Compilation events (20 events):
Event: 5.256 Thread 0x000001603dc1a840 3750       3       com.google.inject.internal.AbstractBindingBuilder::in (28 bytes)
Event: 5.257 Thread 0x000001603dc1a840 nmethod 3750 0x0000016022373110 code [0x0000016022373360, 0x0000016022373e78]
Event: 5.257 Thread 0x000001603dc1a840 3751       3       com.google.inject.internal.AbstractBindingBuilder::checkNotScoped (55 bytes)
Event: 5.257 Thread 0x000001603dc1a840 nmethod 3751 0x0000016022374210 code [0x0000016022374400, 0x0000016022374b38]
Event: 5.257 Thread 0x000001603dc1a840 3752       1       org.eclipse.sisu.plexus.ComponentImpl::hint (5 bytes)
Event: 5.257 Thread 0x000001603dc1a840 nmethod 3752 0x0000016029868c10 code [0x0000016029868da0, 0x0000016029868e78]
Event: 5.257 Thread 0x000001603dc1a840 3753       1       org.eclipse.sisu.plexus.ComponentImpl::instantiationStrategy (5 bytes)
Event: 5.257 Thread 0x000001603dc1a840 nmethod 3753 0x0000016029868f10 code [0x00000160298690a0, 0x0000016029869178]
Event: 5.257 Thread 0x000001603dc1a840 3754       1       org.eclipse.sisu.plexus.ComponentImpl::description (5 bytes)
Event: 5.258 Thread 0x000001603dc1a840 nmethod 3754 0x0000016029869210 code [0x00000160298693a0, 0x0000016029869478]
Event: 5.258 Thread 0x000001603dc1a840 3755   !   1       java.net.URL::set (114 bytes)
Event: 5.259 Thread 0x000001603dc1a840 nmethod 3755 0x0000016029869510 code [0x0000016029869720, 0x0000016029869df8]
Event: 5.261 Thread 0x000001603dc1a840 3756       1       sun.nio.fs.WindowsFileAttributes::fileKey (2 bytes)
Event: 5.261 Thread 0x000001603dc1a840 nmethod 3756 0x000001602986a090 code [0x000001602986a220, 0x000001602986a2f8]
Event: 5.267 Thread 0x000001603dc1a840 3757       3       java.lang.Class::arrayContentsEq (70 bytes)
Event: 5.268 Thread 0x000001603dc1a840 nmethod 3757 0x0000016022374d90 code [0x0000016022374f60, 0x00000160223753d8]
Event: 5.270 Thread 0x000001603dc1a840 3759       3       java.util.jar.JarFile::getManEntry (39 bytes)
Event: 5.271 Thread 0x000001603dc1a840 nmethod 3759 0x0000016022375510 code [0x00000160223756e0, 0x0000016022375ab8]
Event: 5.283 Thread 0x000001603dc1a840 3760   !   3       org.codehaus.plexus.classworlds.realm.ClassRealm::loadClassFromImport (21 bytes)
Event: 5.283 Thread 0x000001603dc1a840 nmethod 3760 0x0000016022375c10 code [0x0000016022375de0, 0x0000016022376138]

GC Heap History (4 events):
Event: 0.860 GC heap before
{Heap before GC invocations=0 (full 0):
 garbage-first heap   total 262144K, used 22528K [0x0000000701800000, 0x0000000800000000)
  region size 2048K, 11 young (22528K), 0 survivors (0K)
 Metaspace       used 4817K, committed 4992K, reserved 1056768K
  class space    used 562K, committed 640K, reserved 1048576K
}
Event: 0.865 GC heap after
{Heap after GC invocations=1 (full 0):
 garbage-first heap   total 262144K, used 3614K [0x0000000701800000, 0x0000000800000000)
  region size 2048K, 2 young (4096K), 2 survivors (4096K)
 Metaspace       used 4817K, committed 4992K, reserved 1056768K
  class space    used 562K, committed 640K, reserved 1048576K
}
Event: 1.666 GC heap before
{Heap before GC invocations=1 (full 0):
 garbage-first heap   total 262144K, used 34334K [0x0000000701800000, 0x0000000800000000)
  region size 2048K, 17 young (34816K), 2 survivors (4096K)
 Metaspace       used 9777K, committed 9920K, reserved 1064960K
  class space    used 1210K, committed 1280K, reserved 1048576K
}
Event: 1.673 GC heap after
{Heap after GC invocations=2 (full 0):
 garbage-first heap   total 262144K, used 5637K [0x0000000701800000, 0x0000000800000000)
  region size 2048K, 2 young (4096K), 2 survivors (4096K)
 Metaspace       used 9777K, committed 9920K, reserved 1064960K
  class space    used 1210K, committed 1280K, reserved 1048576K
}

Deoptimization events (20 events):
Event: 4.429 Thread 0x000001601a334140 DEOPT PACKING pc=0x0000016029741f94 sp=0x000000040b4fd800
Event: 4.429 Thread 0x000001601a334140 DEOPT UNPACKING pc=0x00000160291423a3 sp=0x000000040b4fd788 mode 2
Event: 4.429 Thread 0x000001601a334140 Uncommon trap: trap_request=0xffffffde fr.pc=0x0000016029741f94 relative=0x0000000000000074
Event: 4.429 Thread 0x000001601a334140 Uncommon trap: reason=class_check action=maybe_recompile pc=0x0000016029741f94 method=com.google.inject.internal.LinkedBindingImpl.acceptTargetVisitor(Lcom/google/inject/spi/BindingTargetVisitor;)Ljava/lang/Object; @ 2 c2
Event: 4.429 Thread 0x000001601a334140 DEOPT PACKING pc=0x0000016029741f94 sp=0x000000040b4fd800
Event: 4.429 Thread 0x000001601a334140 DEOPT UNPACKING pc=0x00000160291423a3 sp=0x000000040b4fd788 mode 2
Event: 4.434 Thread 0x000001601a334140 Uncommon trap: trap_request=0xffffff54 fr.pc=0x00000160297ed788 relative=0x0000000000000368
Event: 4.434 Thread 0x000001601a334140 Uncommon trap: reason=speculate_null_assert action=make_not_entrant pc=0x00000160297ed788 method=org.eclipse.sisu.inject.RankedBindings$Itr.hasNext()Z @ 80 c2
Event: 4.434 Thread 0x000001601a334140 DEOPT PACKING pc=0x00000160297ed788 sp=0x000000040b4fdc90
Event: 4.434 Thread 0x000001601a334140 DEOPT UNPACKING pc=0x00000160291423a3 sp=0x000000040b4fdc38 mode 2
Event: 4.457 Thread 0x000001601a334140 DEOPT PACKING pc=0x0000016021c7f9b4 sp=0x000000040b4f8020
Event: 4.457 Thread 0x000001601a334140 DEOPT UNPACKING pc=0x0000016029142b43 sp=0x000000040b4f7458 mode 0
Event: 4.457 Thread 0x000001601a334140 DEOPT PACKING pc=0x0000016021c7f5cc sp=0x000000040b4f8090
Event: 4.457 Thread 0x000001601a334140 DEOPT UNPACKING pc=0x0000016029142b43 sp=0x000000040b4f7538 mode 0
Event: 4.483 Thread 0x000001601a334140 DEOPT PACKING pc=0x0000016021f58e83 sp=0x000000040b4fd700
Event: 4.483 Thread 0x000001601a334140 DEOPT UNPACKING pc=0x0000016029142b43 sp=0x000000040b4fcb98 mode 0
Event: 4.483 Thread 0x000001601a334140 DEOPT PACKING pc=0x0000016021f59a8e sp=0x000000040b4fd8c0
Event: 4.483 Thread 0x000001601a334140 DEOPT UNPACKING pc=0x0000016029142b43 sp=0x000000040b4fcd90 mode 0
Event: 4.913 Thread 0x000001601a334140 DEOPT PACKING pc=0x0000016021d03b0b sp=0x000000040b4fc390
Event: 4.913 Thread 0x000001601a334140 DEOPT UNPACKING pc=0x0000016029142b43 sp=0x000000040b4fb870 mode 0

Classes unloaded (0 events):
No events

Classes redefined (0 events):
No events

Internal exceptions (19 events):
Event: 0.219 Thread 0x000001601a334140 Exception <a 'java/lang/NullPointerException'{0x00000007115d20d8}> (0x00000007115d20d8) 
thrown [s\open\src\hotspot\share\interpreter\linkResolver.cpp, line 1350]
Event: 0.236 Thread 0x000001601a334140 Exception <a 'java/lang/NullPointerException'{0x0000000711216930}> (0x0000000711216930) 
thrown [s\open\src\hotspot\share\interpreter\linkResolver.cpp, line 1350]
Event: 0.236 Thread 0x000001601a334140 Exception <a 'java/lang/NullPointerException'{0x0000000711216c08}> (0x0000000711216c08) 
thrown [s\open\src\hotspot\share\interpreter\linkResolver.cpp, line 1350]
Event: 0.236 Thread 0x000001601a334140 Exception <a 'java/lang/NullPointerException'{0x0000000711216ee0}> (0x0000000711216ee0) 
thrown [s\open\src\hotspot\share\interpreter\linkResolver.cpp, line 1350]
Event: 0.237 Thread 0x000001601a334140 Exception <a 'java/lang/NullPointerException'{0x000000071121c720}> (0x000000071121c720) 
thrown [s\open\src\hotspot\share\interpreter\linkResolver.cpp, line 1350]
Event: 0.239 Thread 0x000001601a334140 Exception <a 'java/lang/NullPointerException'{0x0000000711231998}> (0x0000000711231998) 
thrown [s\open\src\hotspot\share\interpreter\linkResolver.cpp, line 1350]
Event: 0.239 Thread 0x000001601a334140 Exception <a 'java/lang/NullPointerException'{0x0000000711231c70}> (0x0000000711231c70) 
thrown [s\open\src\hotspot\share\interpreter\linkResolver.cpp, line 1350]
Event: 0.239 Thread 0x000001601a334140 Exception <a 'java/lang/NullPointerException'{0x0000000711231f48}> (0x0000000711231f48) 
thrown [s\open\src\hotspot\share\interpreter\linkResolver.cpp, line 1350]
Event: 0.239 Thread 0x000001601a334140 Exception <a 'java/lang/NullPointerException'{0x0000000711232220}> (0x0000000711232220) 
thrown [s\open\src\hotspot\share\interpreter\linkResolver.cpp, line 1350]
Event: 0.695 Thread 0x000001601a334140 Exception <a 'java/lang/NoSuchMethodError'{0x0000000710868f30}: 'java.lang.Object java.lang.invoke.DirectMethodHandle$Holder.newInvokeSpecial(java.lang.Object, java.lang.Object, java.lang.Object, java.lang.Object, java.lang.Object)'> (0x0000000710868f30) 
thrown [s\open\src\hotspot\share\interpreter\linkResolver.cpp, line 759]
Event: 0.739 Thread 0x000001601a334140 Exception <a 'java/lang/NoClassDefFoundError'{0x00000007109cda80}: javax/enterprise/inject/Typed> (0x00000007109cda80) 
thrown [s\open\src\hotspot\share\classfile\systemDictionary.cpp, line 245]
Event: 1.664 Thread 0x000001601a334140 Exception <a 'java/lang/NoClassDefFoundError'{0x000000070f7f15b0}: com/google/inject/servlet/ServletModuleTargetVisitor> (0x000000070f7f15b0) 
thrown [s\open\src\hotspot\share\classfile\systemDictionary.cpp, line 245]
Event: 1.786 Thread 0x000001601a334140 Exception <a 'java/lang/NoSuchMethodError'{0x0000000711549140}: 'java.lang.Object java.lang.invoke.DirectMethodHandle$Holder.invokeStaticInit(java.lang.Object, int, int, int, int)'> (0x0000000711549140) 
thrown [s\open\src\hotspot\share\interpreter\linkResolver.cpp, line 759]
Event: 2.239 Thread 0x000001601a334140 Implicit null exception at 0x00000160296c6672 to 0x00000160296c6bf8
Event: 2.239 Thread 0x000001601a334140 Implicit null exception at 0x00000160296b84f2 to 0x00000160296b8ab0
Event: 3.759 Thread 0x000001601a334140 Implicit null exception at 0x000001602972396d to 0x0000016029723b38
Event: 3.759 Thread 0x000001601a334140 Implicit null exception at 0x00000160296ff16d to 0x00000160296ff348
Event: 3.760 Thread 0x000001601a334140 Implicit null exception at 0x000001602971e78f to 0x000001602971e809
Event: 4.478 Thread 0x000001601a334140 Exception <a 'java/lang/NoSuchMethodError'{0x000000070c6efdb0}: 'void java.lang.invoke.DirectMethodHandle$Holder.invokeInterface(java.lang.Object, java.lang.Object, java.lang.Object)'> (0x000000070c6efdb0) 
thrown [s\open\src\hotspot\share\interpreter\linkResolver.cpp, line 759]

VM Operations (20 events):
Event: 1.913 Executing VM operation: HandshakeAllThreads
Event: 1.913 Executing VM operation: HandshakeAllThreads done
Event: 2.353 Executing VM operation: ICBufferFull
Event: 2.353 Executing VM operation: ICBufferFull done
Event: 3.053 Executing VM operation: HandshakeAllThreads
Event: 3.053 Executing VM operation: HandshakeAllThreads done
Event: 3.053 Executing VM operation: HandshakeAllThreads
Event: 3.053 Executing VM operation: HandshakeAllThreads done
Event: 3.053 Executing VM operation: HandshakeAllThreads
Event: 3.053 Executing VM operation: HandshakeAllThreads done
Event: 3.223 Executing VM operation: ICBufferFull
Event: 3.223 Executing VM operation: ICBufferFull done
Event: 4.235 Executing VM operation: Cleanup
Event: 4.235 Executing VM operation: Cleanup done
Event: 4.367 Executing VM operation: HandshakeAllThreads
Event: 4.367 Executing VM operation: HandshakeAllThreads done
Event: 4.420 Executing VM operation: ICBufferFull
Event: 4.420 Executing VM operation: ICBufferFull done
Event: 4.457 Executing VM operation: HandshakeAllThreads
Event: 4.457 Executing VM operation: HandshakeAllThreads done

Events (20 events):
Event: 4.419 loading class org/w3c/dom/Node
Event: 4.419 loading class org/w3c/dom/Node done
Event: 4.419 loading class javax/xml/parsers/ParserConfigurationException
Event: 4.419 loading class javax/xml/parsers/ParserConfigurationException done
Event: 4.419 loading class org/xml/sax/SAXException
Event: 4.419 loading class org/xml/sax/SAXException done
Event: 4.420 loading class org/w3c/dom/Document
Event: 4.421 loading class org/w3c/dom/Document done
Event: 4.421 loading class org/w3c/dom/Element
Event: 4.421 loading class org/w3c/dom/Element done
Event: 4.449 loading class java/net/URISyntaxException
Event: 4.449 loading class java/net/URISyntaxException done
Event: 4.473 loading class jdk/internal/reflect/UnsafeBooleanFieldAccessorImpl
Event: 4.473 loading class jdk/internal/reflect/UnsafeBooleanFieldAccessorImpl done
Event: 4.479 loading class sun/invoke/util/VerifyAccess$1
Event: 4.480 loading class sun/invoke/util/VerifyAccess$1 done
Event: 4.495 Thread 0x000001603f38cc80 Thread added: 0x000001603f38cc80
Event: 4.497 Thread 0x000001603f3160c0 Thread added: 0x000001603f3160c0
Event: 4.919 loading class java/util/Collections$UnmodifiableList$1
Event: 4.919 loading class java/util/Collections$UnmodifiableList$1 done


Dynamic libraries:
0x00007ff6b09a0000 - 0x00007ff6b09b0000 	C:\Users\nadin\Documents\NetBeansJDKs\jdk-17.0.6_windows-x64_bin_1\jdk-17.0.6\bin\java.exe
0x00007ffe009f0000 - 0x00007ffe00be8000 	C:\WINDOWS\SYSTEM32\ntdll.dll
0x00007ffe004c0000 - 0x00007ffe0057f000 	C:\WINDOWS\System32\KERNEL32.DLL
0x00007ffdfe1d0000 - 0x00007ffdfe4c6000 	C:\WINDOWS\System32\KERNELBASE.dll
0x00007ffdfe0d0000 - 0x00007ffdfe1d0000 	C:\WINDOWS\System32\ucrtbase.dll
0x00007ffdf2e30000 - 0x00007ffdf2e48000 	C:\Users\nadin\Documents\NetBeansJDKs\jdk-17.0.6_windows-x64_bin_1\jdk-17.0.6\bin\jli.dll
0x00007ffe00900000 - 0x00007ffe009af000 	C:\WINDOWS\System32\ADVAPI32.dll
0x00007ffdf2e10000 - 0x00007ffdf2e2b000 	C:\Users\nadin\Documents\NetBeansJDKs\jdk-17.0.6_windows-x64_bin_1\jdk-17.0.6\bin\VCRUNTIME140.dll
0x00007ffe00730000 - 0x00007ffe007ce000 	C:\WINDOWS\System32\msvcrt.dll
0x00007ffdfffa0000 - 0x00007ffe0003c000 	C:\WINDOWS\System32\sechost.dll
0x00007ffdfeef0000 - 0x00007ffdff016000 	C:\WINDOWS\System32\RPCRT4.dll
0x00007ffe00170000 - 0x00007ffe0030d000 	C:\WINDOWS\System32\USER32.dll
0x00007ffdfe650000 - 0x00007ffdfe672000 	C:\WINDOWS\System32\win32u.dll
0x00007ffe00420000 - 0x00007ffe0044c000 	C:\WINDOWS\System32\GDI32.dll
0x00007ffdfd4d0000 - 0x00007ffdfd76a000 	C:\WINDOWS\WinSxS\amd64_microsoft.windows.common-controls_6595b64144ccf1df_6.0.19041.1110_none_60b5254171f9507e\COMCTL32.dll
0x00007ffdfe930000 - 0x00007ffdfea45000 	C:\WINDOWS\System32\gdi32full.dll
0x00007ffdfe4d0000 - 0x00007ffdfe56d000 	C:\WINDOWS\System32\msvcp_win.dll
0x00007ffdfade0000 - 0x00007ffdfadea000 	C:\WINDOWS\SYSTEM32\VERSION.dll
0x00007ffdfeec0000 - 0x00007ffdfeef0000 	C:\WINDOWS\System32\IMM32.DLL
0x00007ffdf35e0000 - 0x00007ffdf35ec000 	C:\Users\nadin\Documents\NetBeansJDKs\jdk-17.0.6_windows-x64_bin_1\jdk-17.0.6\bin\vcruntime140_1.dll
0x00007ffdd04a0000 - 0x00007ffdd052e000 	C:\Users\nadin\Documents\NetBeansJDKs\jdk-17.0.6_windows-x64_bin_1\jdk-17.0.6\bin\msvcp140.dll
0x00007ffd7b460000 - 0x00007ffd7c037000 	C:\Users\nadin\Documents\NetBeansJDKs\jdk-17.0.6_windows-x64_bin_1\jdk-17.0.6\bin\server\jvm.dll
0x00007ffdffea0000 - 0x00007ffdffea8000 	C:\WINDOWS\System32\PSAPI.DLL
0x00007ffdf39e0000 - 0x00007ffdf3a07000 	C:\WINDOWS\SYSTEM32\WINMM.dll
0x00007ffdcb8f0000 - 0x00007ffdcb8f9000 	C:\WINDOWS\SYSTEM32\WSOCK32.dll
0x00007ffe00450000 - 0x00007ffe004bb000 	C:\WINDOWS\System32\WS2_32.dll
0x00007ffdfb170000 - 0x00007ffdfb182000 	C:\WINDOWS\SYSTEM32\kernel.appcore.dll
0x00007ffdf3500000 - 0x00007ffdf350a000 	C:\Users\nadin\Documents\NetBeansJDKs\jdk-17.0.6_windows-x64_bin_1\jdk-17.0.6\bin\jimage.dll
0x00007ffdfda80000 - 0x00007ffdfdc64000 	C:\WINDOWS\SYSTEM32\DBGHELP.DLL
0x00007ffdfda40000 - 0x00007ffdfda74000 	C:\WINDOWS\SYSTEM32\dbgcore.DLL
0x00007ffdfe6d0000 - 0x00007ffdfe752000 	C:\WINDOWS\System32\bcryptPrimitives.dll
0x00007ffdf19c0000 - 0x00007ffdf19e5000 	C:\Users\nadin\Documents\NetBeansJDKs\jdk-17.0.6_windows-x64_bin_1\jdk-17.0.6\bin\java.dll
0x00007ffdbe330000 - 0x00007ffdbe407000 	C:\Users\nadin\Documents\NetBeansJDKs\jdk-17.0.6_windows-x64_bin_1\jdk-17.0.6\bin\jsvml.dll
0x00007ffdff500000 - 0x00007ffdffc44000 	C:\WINDOWS\System32\SHELL32.dll
0x00007ffdfb3b0000 - 0x00007ffdfbb43000 	C:\WINDOWS\SYSTEM32\windows.storage.dll
0x00007ffdfea50000 - 0x00007ffdfeda4000 	C:\WINDOWS\System32\combase.dll
0x00007ffdfd430000 - 0x00007ffdfd45e000 	C:\WINDOWS\SYSTEM32\Wldp.dll
0x00007ffdfee10000 - 0x00007ffdfeebd000 	C:\WINDOWS\System32\SHCORE.dll
0x00007ffe003c0000 - 0x00007ffe00415000 	C:\WINDOWS\System32\shlwapi.dll
0x00007ffdfe010000 - 0x00007ffdfe02f000 	C:\WINDOWS\SYSTEM32\profapi.dll
0x00007ffdecaa0000 - 0x00007ffdecab9000 	C:\Users\nadin\Documents\NetBeansJDKs\jdk-17.0.6_windows-x64_bin_1\jdk-17.0.6\bin\net.dll
0x00007ffdf6560000 - 0x00007ffdf666a000 	C:\WINDOWS\SYSTEM32\WINHTTP.dll
0x00007ffdfd140000 - 0x00007ffdfd1aa000 	C:\WINDOWS\system32\mswsock.dll
0x00007ffdd0ec0000 - 0x00007ffdd0ed6000 	C:\Users\nadin\Documents\NetBeansJDKs\jdk-17.0.6_windows-x64_bin_1\jdk-17.0.6\bin\nio.dll
0x00007ffdc8660000 - 0x00007ffdc8678000 	C:\Users\nadin\Documents\NetBeansJDKs\jdk-17.0.6_windows-x64_bin_1\jdk-17.0.6\bin\zip.dll
0x0000000069ac0000 - 0x0000000069ae4000 	C:\Program Files\Java\apache-maven-3.8.8\lib\jansi-native\Windows\x86_64\jansi.dll
0x00007ffdedfc0000 - 0x00007ffdedfd0000 	C:\Users\nadin\Documents\NetBeansJDKs\jdk-17.0.6_windows-x64_bin_1\jdk-17.0.6\bin\verify.dll

dbghelp: loaded successfully - version: 4.0.5 - missing functions: none
symbol engine: initialized successfully - sym options: 0x614 - pdb path: .;C:\Users\nadin\Documents\NetBeansJDKs\jdk-17.0.6_windows-x64_bin_1\jdk-17.0.6\bin;C:\WINDOWS\SYSTEM32;C:\WINDOWS\WinSxS\amd64_microsoft.windows.common-controls_6595b64144ccf1df_6.0.19041.1110_none_60b5254171f9507e;C:\Users\nadin\Documents\NetBeansJDKs\jdk-17.0.6_windows-x64_bin_1\jdk-17.0.6\bin\server;C:\Program Files\Java\apache-maven-3.8.8\lib\jansi-native\Windows\x86_64

VM Arguments:
jvm_args: -Dclassworlds.conf=C:\Program Files\Java\apache-maven-3.8.8\bin\m2.conf -Dmaven.home=C:\Program Files\Java\apache-maven-3.8.8 -Dlibrary.jansi.path=C:\Program Files\Java\apache-maven-3.8.8\lib\jansi-native -Dmaven.multiModuleProjectDirectory=C:\Users\nadin\Desktop\Nueva carpeta\ProyectoFinalEgg--appChacraService 
java_command: org.codehaus.plexus.classworlds.launcher.Launcher -Dmaven.ext.class.path=C:\Program Files\NetBeans-15\netbeans\java\maven-nblib\netbeans-eventspy.jar -Dfile.encoding=UTF-8 --debug --errors --debug --errors clean install
java_class_path (initial): C:\Program Files\Java\apache-maven-3.8.8\boot\plexus-classworlds-2.6.0.jar
Launcher Type: SUN_STANDARD

[Global flags]
     intx CICompilerCount                          = 4                                         {product} {ergonomic}
     uint ConcGCThreads                            = 2                                         {product} {ergonomic}
     uint G1ConcRefinementThreads                  = 8                                         {product} {ergonomic}
   size_t G1HeapRegionSize                         = 2097152                                   {product} {ergonomic}
    uintx GCDrainStackTargetSize                   = 64                                        {product} {ergonomic}
   size_t InitialHeapSize                          = 268435456                                 {product} {ergonomic}
   size_t MarkStackSize                            = 4194304                                   {product} {ergonomic}
   size_t MaxHeapSize                              = 4269801472                                {product} {ergonomic}
   size_t MaxNewSize                               = 2560622592                                {product} {ergonomic}
   size_t MinHeapDeltaBytes                        = 2097152                                   {product} {ergonomic}
   size_t MinHeapSize                              = 8388608                                   {product} {ergonomic}
    uintx NonNMethodCodeHeapSize                   = 5839372                                {pd product} {ergonomic}
    uintx NonProfiledCodeHeapSize                  = 122909434                              {pd product} {ergonomic}
    uintx ProfiledCodeHeapSize                     = 122909434                              {pd product} {ergonomic}
    uintx ReservedCodeCacheSize                    = 251658240                              {pd product} {ergonomic}
     bool SegmentedCodeCache                       = true                                      {product} {ergonomic}
   size_t SoftMaxHeapSize                          = 4269801472                             {manageable} {ergonomic}
     bool UseCompressedClassPointers               = true                           {product lp64_product} {ergonomic}
     bool UseCompressedOops                        = true                           {product lp64_product} {ergonomic}
     bool UseG1GC                                  = true                                      {product} {ergonomic}
     bool UseLargePagesIndividualAllocation        = false                                  {pd product} {ergonomic}

Logging:
Log output configuration:
 #0: stdout all=warning uptime,level,tags
 #1: stderr all=off uptime,level,tags

Environment Variables:
JAVA_HOME=C:\Users\nadin\Documents\NetBeansJDKs\jdk-17.0.6_windows-x64_bin_1\jdk-17.0.6
PATH=C:\Users\nadin\Documents\NetBeansJDKs\jdk-17.0.6_windows-x64_bin\jdk-17.0.6\bin;C:\Program Files\Java\jre1.8.0_111\bin;C:\Program Files\Java\apache-maven-3.8.8\bin;C:\WINDOWS;C:\WINDOWS\System32\Wbem;C:\WINDOWS\System32\WindowsPowerShell\v1.0\;C:\WINDOWS\System32\OpenSSH\;C:\Program Files\Git\cmd;C:\WINDOWS\system32;C:\Program Files\Docker\Docker\resources\bin;C:\Program Files\dotnet\;C:\Program Files (x86)\Microsoft SQL Server\160\DTS\Binn\;C:\Program Files\Azure Data Studio\bin;C:\Program Files\Microsoft SQL Server\Client SDK\ODBC\170\Tools\Binn\;C:\Program Files (x86)\Microsoft SQL Server\150\Tools\Binn\;C:\Program Files\Microsoft SQL Server\150\Tools\Binn\;C:\Program Files\Microsoft SQL Server\150\DTS\Binn\;C:\Program Files\nodejs\;C:\Program Files\MySQL\MySQL Shell 8.0\bin\;C:\Users\nadin\AppData\Local\Microsoft\WindowsApps;C:\Users\nadin\AppData\Local\Programs\Microsoft VS Code\bin;C:\Users\nadin\.dotnet\tools;C:\SQLite\sqlite-tools-win32-x86-3420000;;C:\Program Files\Azure Data Studio\bin;C:\Users\nadin\AppData\Roaming\npm
USERNAME=nadin
OS=Windows_NT
PROCESSOR_IDENTIFIER=AMD64 Family 21 Model 2 Stepping 0, AuthenticAMD



---------------  S Y S T E M  ---------------

OS:
 Windows 10 , 64 bit Build 19041 (10.0.19041.2913)
OS uptime: 5 days 23:26 hours
Hyper-V role detected

CPU: total 8 (initial active 8) (8 cores per cpu, 1 threads per core) family 21 model 2 stepping 0 microcode 0x0, cx8, cmov, fxsr, mmx, 3dnowpref, sse, sse2, sse3, ssse3, sse4a, sse4.1, sse4.2, popcnt, lzcnt, tsc, tscinvbit, avx, aes, clmul, bmi1, fma, vzeroupper, clflush, hv

Memory: 4k page, system-wide physical 16284M (7913M free)
TotalPageFile size 31284M (AvailPageFile size 14818M)
current process WorkingSet (physical memory assigned to process): 203M, peak: 206M
current process commit charge ("private bytes"): 404M, peak: 406M

vm_info: Java HotSpot(TM) 64-Bit Server VM (17.0.6+9-LTS-190) for windows-amd64 JRE (17.0.6+9-LTS-190), built on Dec  6 2022 15:53:54 by "mach5one" with MS VC++ 17.1 (VS2022)

END.
